<?xml version="1.0" encoding="UTF-8"?>
<!-- Generated by org.testng.reporters.JUnitXMLReporter -->
<testsuite ignored="0" hostname="LAPTOP-DOEQI38D" failures="1" tests="1" name="Command line test" time="28.233" errors="0" timestamp="2020-04-24T17:46:52 WAT">
  <testcase classname="konga.KongaTest" name="testLoginPage" time="11.116">
    <failure type="java.lang.IndexOutOfBoundsException" message="Index 1 out of bounds for length 1">
      <![CDATA[java.lang.IndexOutOfBoundsException: Index 1 out of bounds for length 1
at java.base/jdk.internal.util.Preconditions.outOfBounds(Preconditions.java:64)
at java.base/jdk.internal.util.Preconditions.outOfBoundsCheckIndex(Preconditions.java:70)
at java.base/jdk.internal.util.Preconditions.checkIndex(Preconditions.java:248)
at java.base/java.util.Objects.checkIndex(Objects.java:373)
at java.base/java.util.ArrayList.get(ArrayList.java:425)
at pages.HomePage.clickCategoryAndSub(HomePage.java:36)
at konga.KongaTest.testLoginPage(KongaTest.java:28)
at java.base/java.util.ArrayList.forEach(ArrayList.java:1507)
... Removed 36 stack frames]]>
    </failure>
  </testcase> <!-- testLoginPage -->
</testsuite> <!-- Command line test -->
